[debug] [2024-02-09T18:18:50.379Z] ----------------------------------------------------------------------
[debug] [2024-02-09T18:18:50.382Z] Command:       C:\Program Files\nodejs\node.exe C:\Users\saura\AppData\Roaming\npm\node_modules\firebase-tools\lib\bin\firebase.js init
[debug] [2024-02-09T18:18:50.383Z] CLI Version:   13.2.1
[debug] [2024-02-09T18:18:50.383Z] Platform:      win32
[debug] [2024-02-09T18:18:50.383Z] Node Version:  v21.6.1
[debug] [2024-02-09T18:18:50.383Z] Time:          Fri Feb 09 2024 23:48:50 GMT+0530 (India Standard Time)
[debug] [2024-02-09T18:18:50.383Z] ----------------------------------------------------------------------
[debug] 
[debug] [2024-02-09T18:18:50.390Z] > command requires scopes: ["email","openid","https://www.googleapis.com/auth/cloudplatformprojects.readonly","https://www.googleapis.com/auth/firebase","https://www.googleapis.com/auth/cloud-platform"]
[debug] [2024-02-09T18:18:50.391Z] > authorizing via signed-in user (the0thinker0s@gmail.com)
[info] 
     ######## #### ########  ######## ########     ###     ######  ########
     ##        ##  ##     ## ##       ##     ##  ##   ##  ##       ##
     ######    ##  ########  ######   ########  #########  ######  ######
     ##        ##  ##    ##  ##       ##     ## ##     ##       ## ##
     ##       #### ##     ## ######## ########  ##     ##  ######  ########

You're about to initialize a Firebase project in this directory:

  D:\InstagramClone-master

[info] 
=== Project Setup
[info] 
[info] First, let's associate this project directory with a Firebase project.
[info] You can create multiple project aliases by running firebase use --add, 
[info] but for now we'll just set up a default project.
[info] 
[debug] [2024-02-09T18:19:43.449Z] >>> [apiv2][query] GET https://firebase.googleapis.com/v1beta1/projects pageSize=100
[debug] [2024-02-09T18:19:44.667Z] <<< [apiv2][status] GET https://firebase.googleapis.com/v1beta1/projects 200
[debug] [2024-02-09T18:19:44.667Z] <<< [apiv2][body] GET https://firebase.googleapis.com/v1beta1/projects [omitted]
[info] i  Using project innov8x-f2ee7 (Innov8X) 
[info] 
=== Database Setup
[info] i  database: ensuring required API firebasedatabase.googleapis.com is enabled... 
[debug] [2024-02-09T18:19:46.204Z] >>> [apiv2][query] GET https://serviceusage.googleapis.com/v1/projects/innov8x-f2ee7/services/firebasedatabase.googleapis.com [none]
[debug] [2024-02-09T18:19:46.204Z] >>> [apiv2][(partial)header] GET https://serviceusage.googleapis.com/v1/projects/innov8x-f2ee7/services/firebasedatabase.googleapis.com x-goog-quota-user=projects/innov8x-f2ee7
[debug] [2024-02-09T18:19:48.195Z] <<< [apiv2][status] GET https://serviceusage.googleapis.com/v1/projects/innov8x-f2ee7/services/firebasedatabase.googleapis.com 200
[debug] [2024-02-09T18:19:48.195Z] <<< [apiv2][body] GET https://serviceusage.googleapis.com/v1/projects/innov8x-f2ee7/services/firebasedatabase.googleapis.com [omitted]
[info] +  database: required API firebasedatabase.googleapis.com is enabled 
[info] 
[debug] [2024-02-09T18:19:48.196Z] >>> [apiv2][query] GET https://firebasedatabase.googleapis.com/v1beta/projects/innov8x-f2ee7/locations/-/instances/innov8x-f2ee7-default-rtdb [none]
[debug] [2024-02-09T18:19:50.161Z] <<< [apiv2][status] GET https://firebasedatabase.googleapis.com/v1beta/projects/innov8x-f2ee7/locations/-/instances/innov8x-f2ee7-default-rtdb 200
[debug] [2024-02-09T18:19:50.161Z] <<< [apiv2][body] GET https://firebasedatabase.googleapis.com/v1beta/projects/innov8x-f2ee7/locations/-/instances/innov8x-f2ee7-default-rtdb {"name":"projects/420249175542/locations/us-central1/instances/innov8x-f2ee7-default-rtdb","project":"projects/420249175542","databaseUrl":"https://innov8x-f2ee7-default-rtdb.firebaseio.com","type":"DEFAULT_DATABASE","state":"ACTIVE"}
[info] 
[info] Firebase Realtime Database Security Rules allow you to define how your data should be
[info] structured and when your data can be read from and written to.
[info] 
[debug] [2024-02-09T18:19:56.683Z] >>> [apiv2][query] GET https://innov8x-f2ee7-default-rtdb.firebaseio.com/.settings/rules.json [none]
[debug] [2024-02-09T18:19:57.376Z] <<< [apiv2][status] GET https://innov8x-f2ee7-default-rtdb.firebaseio.com/.settings/rules.json 200
[debug] [2024-02-09T18:19:57.376Z] <<< [apiv2][body] GET https://innov8x-f2ee7-default-rtdb.firebaseio.com/.settings/rules.json [stream]
[info] +  Database Rules for innov8x-f2ee7-default-rtdb have been written to database.rules.json. 
[info] Future modifications to database.rules.json will update Realtime Database Security Rules when you run
[info] firebase deploy.
[info] 
=== Hosting Setup
[debug] [2024-02-09T18:19:57.384Z] >>> [apiv2][query] GET https://firebase.googleapis.com/v1beta1/projects/innov8x-f2ee7 [none]
[debug] [2024-02-09T18:19:57.864Z] <<< [apiv2][status] GET https://firebase.googleapis.com/v1beta1/projects/innov8x-f2ee7 200
[debug] [2024-02-09T18:19:57.864Z] <<< [apiv2][body] GET https://firebase.googleapis.com/v1beta1/projects/innov8x-f2ee7 {"projectId":"innov8x-f2ee7","projectNumber":"420249175542","displayName":"Innov8X","name":"projects/innov8x-f2ee7","resources":{"hostingSite":"innov8x-f2ee7","realtimeDatabaseInstance":"innov8x-f2ee7-default-rtdb"},"state":"ACTIVE","etag":"1_72071c16-f863-4315-aa72-862b4f83ed52"}
[info] 
[info] Your public directory is the folder (relative to your project directory) that
[info] will contain Hosting assets to be uploaded with firebase deploy. If you
[info] have a build process for your assets, use your build's output directory.
[info] 
[debug] [2024-02-09T18:20:57.777Z] >>> [apiv2][query] GET https://www.gstatic.com/firebasejs/releases.json [none]
[debug] [2024-02-09T18:20:57.933Z] <<< [apiv2][status] GET https://www.gstatic.com/firebasejs/releases.json 200
[debug] [2024-02-09T18:20:57.933Z] <<< [apiv2][body] GET https://www.gstatic.com/firebasejs/releases.json {"current":{"version":"10.8.0","browserURL":"https://www.gstatic.com/firebasejs/10.8.0/firebase.js","packageURL":"https://www.gstatic.com/firebasejs/10.8.0/firebase.tgz"},"live":{"version":"10.8","browserURL":"https://www.gstatic.com/firebasejs/live/10.8/firebase.js","packageURL":"https://www.gstatic.com/firebasejs/live/10.8/firebase.tgz"},"components":{"analytics":"https://www.gstatic.com/firebasejs/10.8.0/firebase-analytics.js","app":"https://www.gstatic.com/firebasejs/10.8.0/firebase-app.js","app-check":"https://www.gstatic.com/firebasejs/10.8.0/firebase-app-check.js","auth":"https://www.gstatic.com/firebasejs/10.8.0/firebase-auth.js","auth/cordova":"https://www.gstatic.com/firebasejs/10.8.0/firebase-auth/cordova.js","auth/web-extension":"https://www.gstatic.com/firebasejs/10.8.0/firebase-auth/web-extension.js","functions":"https://www.gstatic.com/firebasejs/10.8.0/firebase-functions.js","firestore":"https://www.gstatic.com/firebasejs/10.8.0/firebase-firestore.js","firestore/lite":"https://www.gstatic.com/firebasejs/10.8.0/firebase-firestore/lite.js","installations":"https://www.gstatic.com/firebasejs/10.8.0/firebase-installations.js","storage":"https://www.gstatic.com/firebasejs/10.8.0/firebase-storage.js","performance":"https://www.gstatic.com/firebasejs/10.8.0/firebase-performance.js","remote-config":"https://www.gstatic.com/firebasejs/10.8.0/firebase-remote-config.js","messaging":"https://www.gstatic.com/firebasejs/10.8.0/firebase-messaging.js","messaging/sw":"https://www.gstatic.com/firebasejs/10.8.0/firebase-messaging/sw.js","database":"https://www.gstatic.com/firebasejs/10.8.0/firebase-database.js","firestore.memory":"https://www.gstatic.com/firebasejs/10.8.0/firebase-firestore.memory.js"}}
[info] +  Wrote public/index.html 
[info] 
[info] i  Didn't detect a .git folder. Assuming D:\InstagramClone-master is the project root. 
[info] i  Authorizing with GitHub to upload your service account to a GitHub repository's secrets store. 
[info] 
[info] Visit this URL on this device to log in:
[info] https://github.com/login/oauth/authorize?client_id=89cf50f02ac6aaed3484&state=609237904&redirect_uri=http%3A%2F%2Flocalhost%3A9005&scope=read%3Auser%20repo%20public_repo
[info] 
[info] Waiting for authentication...
[debug] [2024-02-09T18:20:58.592Z] >>> [apiv2][query] POST https://github.com/login/oauth/access_token [none]
[debug] [2024-02-09T18:20:58.592Z] >>> [apiv2][body] POST https://github.com/login/oauth/access_token [stream]
[debug] [2024-02-09T18:20:58.954Z] <<< [apiv2][status] POST https://github.com/login/oauth/access_token 200
[debug] [2024-02-09T18:20:58.954Z] <<< [apiv2][body] POST https://github.com/login/oauth/access_token {"access_token":"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","token_type":"bearer","scope":"read:user,repo"}
[debug] [2024-02-09T18:20:58.968Z] >>> [apiv2][query] GET https://api.github.com/user [none]
[debug] [2024-02-09T18:20:59.371Z] <<< [apiv2][status] GET https://api.github.com/user 200
[debug] [2024-02-09T18:20:59.372Z] <<< [apiv2][body] GET https://api.github.com/user {"login":"P0Saurabh","id":111894219,"node_id":"U_kgDOBqteyw","avatar_url":"https://avatars.githubusercontent.com/u/111894219?v=4","gravatar_id":"","url":"https://api.github.com/users/P0Saurabh","html_url":"https://github.com/P0Saurabh","followers_url":"https://api.github.com/users/P0Saurabh/followers","following_url":"https://api.github.com/users/P0Saurabh/following{/other_user}","gists_url":"https://api.github.com/users/P0Saurabh/gists{/gist_id}","starred_url":"https://api.github.com/users/P0Saurabh/starred{/owner}{/repo}","subscriptions_url":"https://api.github.com/users/P0Saurabh/subscriptions","organizations_url":"https://api.github.com/users/P0Saurabh/orgs","repos_url":"https://api.github.com/users/P0Saurabh/repos","events_url":"https://api.github.com/users/P0Saurabh/events{/privacy}","received_events_url":"https://api.github.com/users/P0Saurabh/received_events","type":"User","site_admin":false,"name":null,"company":null,"blog":"","location":null,"email":null,"hireable":null,"bio":null,"twitter_username":null,"public_repos":22,"public_gists":0,"followers":4,"following":7,"created_at":"2022-08-23T15:16:38Z","updated_at":"2024-01-01T18:38:51Z","private_gists":0,"total_private_repos":3,"owned_private_repos":3,"disk_usage":44496,"collaborators":2,"two_factor_authentication":false,"plan":{"name":"free","space":976562499,"collaborators":0,"private_repos":10000}}
[info] 
[info] +  Success! Logged into GitHub as P0Saurabh 
[info] 
[debug] [2024-02-09T18:21:22.713Z] >>> [apiv2][query] GET https://api.github.com/repos//actions/secrets/public-key type=owner
[debug] [2024-02-09T18:21:23.067Z] <<< [apiv2][status] GET https://api.github.com/repos//actions/secrets/public-key 404
[debug] [2024-02-09T18:21:23.067Z] <<< [apiv2][body] GET https://api.github.com/repos//actions/secrets/public-key {"message":"Not Found","documentation_url":"https://docs.github.com/rest"}
[info] 
[info] 
[error] !  The provided authorization cannot be used with this repository. If this repository is in an organization, did you remember to grant access? 
[info] 
[info] i  Action required: Visit this URL to ensure access has been granted to the appropriate organization(s) for the Firebase CLI GitHub OAuth App: 
[info] https://github.com/settings/connections/applications/89cf50f02ac6aaed3484
[info] 
